<?xml version="1.0" encoding="UTF-8"?>
<testng-results skipped="0" failed="1" ignored="0" total="3" passed="2">
  <reporter-output>
  </reporter-output>
  <suite name="Virtual_Suite" duration-ms="55" started-at="2018-11-22T06:09:56Z" finished-at="2018-11-22T06:09:56Z">
    <groups>
      <group name="high">
        <method signature="AppTest03.TestCase06()[pri:0, instance:org.andestech.learning.rfb18.g2.AppTest03@5577140b]" name="TestCase06" class="org.andestech.learning.rfb18.g2.AppTest03"/>
        <method signature="AppTest03.TestCase07()[pri:-100, instance:org.andestech.learning.rfb18.g2.AppTest03@5577140b]" name="TestCase07" class="org.andestech.learning.rfb18.g2.AppTest03"/>
      </group> <!-- high -->
      <group name="fast">
        <method signature="AppTest03.TestCase07()[pri:-100, instance:org.andestech.learning.rfb18.g2.AppTest03@5577140b]" name="TestCase07" class="org.andestech.learning.rfb18.g2.AppTest03"/>
      </group> <!-- fast -->
      <group name="slow">
        <method signature="AppTest03.TestCase08()[pri:0, instance:org.andestech.learning.rfb18.g2.AppTest03@5577140b]" name="TestCase08" class="org.andestech.learning.rfb18.g2.AppTest03"/>
      </group> <!-- slow -->
    </groups>
    <test name="virt_test" duration-ms="55" started-at="2018-11-22T06:09:56Z" finished-at="2018-11-22T06:09:56Z">
      <class name="org.andestech.learning.rfb18.g2.AppTest03">
        <test-method status="PASS" signature="TestCase07()[pri:-100, instance:org.andestech.learning.rfb18.g2.AppTest03@5577140b]" name="TestCase07" duration-ms="11" started-at="2018-11-22T06:09:56Z" finished-at="2018-11-22T06:09:56Z">
          <reporter-output>
          </reporter-output>
        </test-method> <!-- TestCase07 -->
        <test-method status="FAIL" signature="TestCase06()[pri:0, instance:org.andestech.learning.rfb18.g2.AppTest03@5577140b]" name="TestCase06" duration-ms="1" started-at="2018-11-22T06:09:56Z" finished-at="2018-11-22T06:09:56Z">
          <exception class="java.lang.AssertionError">
            <message>
              <![CDATA[expected [true] but found [false]]]>
            </message>
            <full-stacktrace>
              <![CDATA[java.lang.AssertionError: expected [true] but found [false]
at org.testng.Assert.fail(Assert.java:96)
at org.testng.Assert.failNotEquals(Assert.java:776)
at org.testng.Assert.assertTrue(Assert.java:44)
at org.testng.Assert.assertTrue(Assert.java:54)
at org.andestech.learning.rfb18.g2.AppTest03.TestCase06(AppTest03.java:25)
at sun.reflect.NativeMethodAccessorImpl.invoke0(Native Method)
at sun.reflect.NativeMethodAccessorImpl.invoke(NativeMethodAccessorImpl.java:62)
at sun.reflect.DelegatingMethodAccessorImpl.invoke(DelegatingMethodAccessorImpl.java:43)
at java.lang.reflect.Method.invoke(Method.java:498)
at org.testng.internal.MethodInvocationHelper.invokeMethod(MethodInvocationHelper.java:124)
at org.testng.internal.Invoker.invokeMethod(Invoker.java:583)
at org.testng.internal.Invoker.invokeTestMethod(Invoker.java:719)
at org.testng.internal.Invoker.invokeTestMethods(Invoker.java:989)
at org.testng.internal.TestMethodWorker.invokeTestMethods(TestMethodWorker.java:125)
at org.testng.internal.TestMethodWorker.run(TestMethodWorker.java:109)
at org.testng.TestRunner.privateRun(TestRunner.java:648)
at org.testng.TestRunner.run(TestRunner.java:505)
at org.testng.SuiteRunner.runTest(SuiteRunner.java:455)
at org.testng.SuiteRunner.runSequentially(SuiteRunner.java:450)
at org.testng.SuiteRunner.privateRun(SuiteRunner.java:415)
at org.testng.SuiteRunner.run(SuiteRunner.java:364)
at org.testng.SuiteRunnerWorker.runSuite(SuiteRunnerWorker.java:52)
at org.testng.SuiteRunnerWorker.run(SuiteRunnerWorker.java:84)
at org.testng.TestNG.runSuitesSequentially(TestNG.java:1208)
at org.testng.TestNG.runSuitesLocally(TestNG.java:1137)
at org.testng.TestNG.runSuites(TestNG.java:1049)
at org.testng.TestNG.run(TestNG.java:1017)
at org.andestech.learning.rfb18.g2.TestNGRunner.main(TestNGRunner.java:54)
]]>
            </full-stacktrace>
          </exception> <!-- java.lang.AssertionError -->
          <reporter-output>
          </reporter-output>
        </test-method> <!-- TestCase06 -->
        <test-method status="PASS" signature="TestCase08()[pri:0, instance:org.andestech.learning.rfb18.g2.AppTest03@5577140b]" name="TestCase08" duration-ms="0" started-at="2018-11-22T06:09:56Z" finished-at="2018-11-22T06:09:56Z">
          <reporter-output>
          </reporter-output>
        </test-method> <!-- TestCase08 -->
      </class> <!-- org.andestech.learning.rfb18.g2.AppTest03 -->
    </test> <!-- virt_test -->
  </suite> <!-- Virtual_Suite -->
</testng-results>
